\BOOKMARK [1][-]{section.1}{\376\377\000I\000n\000t\000r\000o\000d\000u\000c\000t\000i\000o\000n}{}% 1
\BOOKMARK [1][-]{section.2}{\376\377\000S\000c\000i\000e\000n\000t\000i\000f\000i\000c\000\040\000B\000a\000c\000k\000g\000r\000o\000u\000n\000d}{}% 2
\BOOKMARK [2][-]{subsection.2.1}{\376\377\000D\000V\000B\000-\000I\000\040\000S\000t\000a\000n\000d\000a\000r\000d}{section.2}% 3
\BOOKMARK [2][-]{subsection.2.2}{\376\377\000F\000l\000u\000t\000t\000e\000r\000\040\000F\000r\000a\000m\000e\000w\000o\000r\000k}{section.2}% 4
\BOOKMARK [1][-]{section.3}{\376\377\000A\000r\000c\000h\000i\000t\000e\000c\000t\000u\000r\000e\000\040\000O\000v\000e\000r\000v\000i\000e\000w}{}% 5
\BOOKMARK [1][-]{section.4}{\376\377\000I\000n\000t\000e\000g\000r\000a\000t\000i\000n\000g\000\040\000w\000i\000t\000h\000\040\000o\000t\000h\000e\000r\000\040\000c\000o\000d\000e}{}% 6
\BOOKMARK [2][-]{subsection.4.1}{\376\377\000U\000n\000i\000t\000s}{section.4}% 7
\BOOKMARK [1][-]{section.5}{\376\377\000I\000m\000p\000l\000e\000m\000e\000n\000t\000a\000t\000i\000o\000n}{}% 8
\BOOKMARK [2][-]{subsection.5.1}{\376\377\000D\000e\000v\000e\000l\000o\000p\000m\000e\000n\000t\000\040\000S\000e\000t\000u\000p}{section.5}% 9
\BOOKMARK [2][-]{subsection.5.2}{\376\377\000A\000r\000c\000h\000i\000t\000e\000c\000t\000u\000r\000e}{section.5}% 10
\BOOKMARK [3][-]{subsubsection.5.2.1}{\376\377\000G\000e\000n\000e\000r\000a\000l\000\040\000O\000v\000e\000r\000v\000i\000e\000w}{subsection.5.2}% 11
\BOOKMARK [2][-]{subsection.5.3}{\376\377\000D\000v\000b\000-\000I\000\040\000P\000a\000r\000s\000e\000r}{section.5}% 12
\BOOKMARK [2][-]{subsection.5.4}{\376\377\000D\000V\000B\000-\000I\000\040\000P\000a\000r\000s\000e\000r\000:\000\040\000S\000c\000h\000e\000d\000u\000l\000e\000\040\000I\000n\000f\000o}{section.5}% 13
\BOOKMARK [3][-]{subsubsection.5.4.1}{\376\377\000D\000V\000B\000-\000I\000\040\000P\000a\000r\000s\000e\000r\000:\000\040\000D\000e\000t\000a\000i\000l\000e\000d\000\040\000P\000r\000o\000g\000r\000a\000m\000\040\000I\000n\000f\000o\000\040}{subsection.5.4}% 14
\BOOKMARK [3][-]{subsubsection.5.4.2}{\376\377\000D\000V\000B\000-\000I\000\040\000P\000a\000r\000s\000e\000r\000:\000\040\000O\000p\000t\000i\000m\000i\000z\000a\000t\000i\000o\000n}{subsection.5.4}% 15
\BOOKMARK [3][-]{subsubsection.5.4.3}{\376\377\000G\000u\000i\000\040\000A\000p\000p\000l\000i\000c\000a\000t\000i\000o\000n}{subsection.5.4}% 16
\BOOKMARK [1][-]{section.6}{\376\377\000C\000h\000a\000l\000l\000e\000n\000g\000e\000s}{}% 17
\BOOKMARK [1][-]{section.7}{\376\377\000E\000v\000a\000l\000u\000a\000t\000i\000o\000n}{}% 18
\BOOKMARK [1][-]{section.8}{\376\377\000C\000o\000n\000c\000l\000u\000s\000i\000o\000n\000\040\000a\000n\000d\000\040\000F\000u\000t\000u\000r\000e\000\040\000W\000o\000r\000k}{}% 19
\BOOKMARK [2][-]{subsection.8.1}{\376\377\000F\000i\000g\000u\000r\000e\000s\000\040\000a\000n\000d\000\040\000T\000a\000b\000l\000e\000s}{section.8}% 20
\BOOKMARK [1][-]{section*.3}{\376\377\000R\000e\000f\000e\000r\000e\000n\000c\000e\000s}{}% 21
